<?xml version="1.0" encoding="UTF-8"?>
<!-- Generated by org.testng.reporters.JUnitXMLReporter -->
<testsuite ignored="8" hostname="SOURAV-PC" failures="1" tests="9" name="Test" time="156.584" errors="0" timestamp="2021-09-17T12:07:42 IST">
  <testcase classname="com.crm.Vtiger.GenericUtility.BaseClass" name="@AfterMethod logOutOfApp" time="20.176">
    <failure type="org.openqa.selenium.ElementNotInteractableException" message="element not interactable
  (Session info: chrome=93.0.4577.82)
Build info: version: &amp;apos;3.141.59&amp;apos;, revision: &amp;apos;e82be7d358&amp;apos;, time: &amp;apos;2018-11-14T08:17:03&amp;apos;
System info: host: &amp;apos;SOURAV-PC&amp;apos;, ip: &amp;apos;192.168.43.232&amp;apos;, os.name: &amp;apos;Windows 7&amp;apos;, os.arch: &amp;apos;amd64&amp;apos;, os.version: &amp;apos;6.1&amp;apos;, java.version: &amp;apos;16.0.1&amp;apos;
Driver info: org.openqa.selenium.chrome.ChromeDriver
Capabilities {acceptInsecureCerts: false, browserName: chrome, browserVersion: 93.0.4577.82, chrome: {chromedriverVersion: 93.0.4577.63 (ff5c0da2ec0ad..., userDataDir: C:\Users\SOURAV\AppData\Loc...}, goog:chromeOptions: {debuggerAddress: localhost:49222}, javascriptEnabled: true, networkConnectionEnabled: false, pageLoadStrategy: normal, platform: WINDOWS, platformName: WINDOWS, proxy: Proxy(), setWindowRect: true, strictFileInteractability: false, timeouts: {implicit: 0, pageLoad: 300000, script: 30000}, unhandledPromptBehavior: dismiss and notify, webauthn:extension:credBlob: true, webauthn:extension:largeBlob: true, webauthn:virtualAuthenticators: true}
Session ID: ff57f343c49dbea6f085779014d51147">
      <![CDATA[org.openqa.selenium.ElementNotInteractableException: element not interactable
  (Session info: chrome=93.0.4577.82)
Build info: version: '3.141.59', revision: 'e82be7d358', time: '2018-11-14T08:17:03'
System info: host: 'SOURAV-PC', ip: '192.168.43.232', os.name: 'Windows 7', os.arch: 'amd64', os.version: '6.1', java.version: '16.0.1'
Driver info: org.openqa.selenium.chrome.ChromeDriver
Capabilities {acceptInsecureCerts: false, browserName: chrome, browserVersion: 93.0.4577.82, chrome: {chromedriverVersion: 93.0.4577.63 (ff5c0da2ec0ad..., userDataDir: C:\Users\SOURAV\AppData\Loc...}, goog:chromeOptions: {debuggerAddress: localhost:49222}, javascriptEnabled: true, networkConnectionEnabled: false, pageLoadStrategy: normal, platform: WINDOWS, platformName: WINDOWS, proxy: Proxy(), setWindowRect: true, strictFileInteractability: false, timeouts: {implicit: 0, pageLoad: 300000, script: 30000}, unhandledPromptBehavior: dismiss and notify, webauthn:extension:credBlob: true, webauthn:extension:largeBlob: true, webauthn:virtualAuthenticators: true}
Session ID: ff57f343c49dbea6f085779014d51147
at org.openqa.selenium.remote.http.W3CHttpResponseCodec.createException(W3CHttpResponseCodec.java:187)
at org.openqa.selenium.remote.http.W3CHttpResponseCodec.decode(W3CHttpResponseCodec.java:122)
at org.openqa.selenium.remote.http.W3CHttpResponseCodec.decode(W3CHttpResponseCodec.java:49)
at org.openqa.selenium.remote.HttpCommandExecutor.execute(HttpCommandExecutor.java:158)
at org.openqa.selenium.remote.service.DriverCommandExecutor.execute(DriverCommandExecutor.java:83)
at org.openqa.selenium.remote.RemoteWebDriver.execute(RemoteWebDriver.java:552)
at org.openqa.selenium.remote.RemoteWebElement.execute(RemoteWebElement.java:285)
at org.openqa.selenium.remote.RemoteWebElement.click(RemoteWebElement.java:84)
at org.openqa.selenium.support.pagefactory.internal.LocatingElementHandler.invoke(LocatingElementHandler.java:51)
at jdk.proxy2/jdk.proxy2.$Proxy17.click(Unknown Source)
at com.crm.Vtiger.elementRepsitory.HomePage.signOut(HomePage.java:133)
at com.crm.Vtiger.GenericUtility.BaseClass.logOutOfApp(BaseClass.java:71)
at java.base/java.util.ArrayList.forEach(ArrayList.java:1511)
... Removed 40 stack frames]]>
    </failure>
  </testcase> <!-- @AfterMethod logOutOfApp -->
  <testcase classname="com.crm.Vtiger.GenericUtility.BaseClass" name="@BeforeMethod loginToApp" time="-1.631860624024E9">
    <skipped/>
  </testcase> <!-- @BeforeMethod loginToApp -->
  <testcase classname="com.crm.Vtiger.GenericUtility.BaseClass" name="@AfterMethod logOutOfApp" time="-1.631860633073E9">
    <skipped/>
  </testcase> <!-- @AfterMethod logOutOfApp -->
  <testcase classname="com.crm.Vtiger.GenericUtility.BaseClass" name="@BeforeMethod loginToApp" time="-1.631860633074E9">
    <skipped/>
  </testcase> <!-- @BeforeMethod loginToApp -->
  <testcase classname="com.crm.Vtiger.GenericUtility.BaseClass" name="@AfterMethod logOutOfApp" time="-1.631860642165E9">
    <skipped/>
  </testcase> <!-- @AfterMethod logOutOfApp -->
  <testcase classname="com.crm.Vtiger.GenericUtility.BaseClass" name="@AfterClass closeBrowser" time="-1.631860642165E9">
    <skipped/>
  </testcase> <!-- @AfterClass closeBrowser -->
  <testcase classname="com.crm.Vtiger.LeadsTest.TC_07_createLeadByDiffrentIndustryTest" name="loginTest" time="11.76"/>
  <testcase classname="com.crm.Vtiger.LeadsTest.TC_08_createLeadByDiffrentLeadStatusTest" name="loginTest" time="10.975"/>
  <testcase classname="com.crm.Vtiger.LeadsTest.TC_10_createLeadByAssignToGroupTest" name="loginTest" time="10.786"/>
  <testcase classname="com.crm.Vtiger.LeadsTest.TC_06_createLeadByDiffrentLeadSourceTest" name="loginTest" time="10.894">
    <skipped/>
  </testcase> <!-- loginTest -->
  <testcase classname="com.crm.Vtiger.LeadsTest.TC_06_createLeadByDiffrentLeadSourceTest" name="loginTest" time="10.739">
    <skipped/>
  </testcase> <!-- loginTest -->
  <testcase classname="com.crm.Vtiger.LeadsTest.TC_06_createLeadByDiffrentLeadSourceTest" name="loginTest" time="10.974">
    <skipped/>
  </testcase> <!-- loginTest -->
  <testcase classname="com.crm.Vtiger.LeadsTest.TC_06_createLeadByDiffrentLeadSourceTest" name="loginTest" time="9.043">
    <skipped/>
  </testcase> <!-- loginTest -->
  <testcase classname="com.crm.Vtiger.LeadsTest.TC_06_createLeadByDiffrentLeadSourceTest" name="loginTest" time="8.922">
    <failure type="java.lang.AssertionError" message="expected [true] but found [false]">
      <![CDATA[java.lang.AssertionError: expected [true] but found [false]
at com.crm.Vtiger.LeadsTest.TC_06_createLeadByDiffrentLeadSourceTest.loginTest(TC_06_createLeadByDiffrentLeadSourceTest.java:80)
at java.base/java.util.ArrayList.forEach(ArrayList.java:1511)
... Removed 33 stack frames]]>
    </failure>
  </testcase> <!-- loginTest -->
  <testcase classname="com.crm.Vtiger.LeadsTest.TC_09_createLeadByDiffrentRatingTest" name="loginTest" time="10.87"/>
  <testcase classname="com.crm.Vtiger.GenericUtility.BaseClass" name="@BeforeSuite connectToDb" time="0.0">
    <ignored/>
  </testcase> <!-- @BeforeSuite connectToDb -->
  <testcase classname="com.crm.Vtiger.GenericUtility.BaseClass" name="@BeforeSuite connectToDb" time="0.0">
    <ignored/>
  </testcase> <!-- @BeforeSuite connectToDb -->
  <testcase classname="com.crm.Vtiger.GenericUtility.BaseClass" name="@BeforeSuite connectToDb" time="0.0">
    <ignored/>
  </testcase> <!-- @BeforeSuite connectToDb -->
  <testcase classname="com.crm.Vtiger.GenericUtility.BaseClass" name="@BeforeSuite connectToDb" time="0.0">
    <ignored/>
  </testcase> <!-- @BeforeSuite connectToDb -->
  <testcase classname="com.crm.Vtiger.GenericUtility.BaseClass" name="@AfterSuite closeTheDB" time="0.0">
    <ignored/>
  </testcase> <!-- @AfterSuite closeTheDB -->
  <testcase classname="com.crm.Vtiger.GenericUtility.BaseClass" name="@AfterSuite closeTheDB" time="0.0">
    <ignored/>
  </testcase> <!-- @AfterSuite closeTheDB -->
  <testcase classname="com.crm.Vtiger.GenericUtility.BaseClass" name="@AfterSuite closeTheDB" time="0.0">
    <ignored/>
  </testcase> <!-- @AfterSuite closeTheDB -->
  <testcase classname="com.crm.Vtiger.GenericUtility.BaseClass" name="@AfterSuite closeTheDB" time="0.0">
    <ignored/>
  </testcase> <!-- @AfterSuite closeTheDB -->
</testsuite> <!-- Test -->
