<?xml version="1.0" encoding="UTF-8"?>
<testng-results ignored="0" total="3" passed="2" failed="1" skipped="0">
  <reporter-output>
  </reporter-output>
  <suite started-at="2021-09-18T19:19:42 IST" name="Suite" finished-at="2021-09-18T19:20:37 IST" duration-ms="55466">
    <groups>
      <group name="SmokeSuites">
        <method signature="TC_07_createLeadByDiffrentIndustryTest.loginTest()[pri:0, instance:com.crm.Vtiger.LeadsTest.TC_07_createLeadByDiffrentIndustryTest@82de64a]" name="loginTest" class="com.crm.Vtiger.LeadsTest.TC_07_createLeadByDiffrentIndustryTest"/>
      </group> <!-- SmokeSuites -->
      <group name="RegressionSuites">
        <method signature="TC_08_createLeadByDiffrentLeadStatusTest.loginTest()[pri:0, instance:com.crm.Vtiger.LeadsTest.TC_08_createLeadByDiffrentLeadStatusTest@537f60bf]" name="loginTest" class="com.crm.Vtiger.LeadsTest.TC_08_createLeadByDiffrentLeadStatusTest"/>
        <method signature="TC_09_createLeadByDiffrentRatingTest.loginTest()[pri:0, instance:com.crm.Vtiger.LeadsTest.TC_09_createLeadByDiffrentRatingTest@4686afc2]" name="loginTest" class="com.crm.Vtiger.LeadsTest.TC_09_createLeadByDiffrentRatingTest"/>
      </group> <!-- RegressionSuites -->
    </groups>
    <test started-at="2021-09-18T19:19:42 IST" name="TestRnnuer_02" finished-at="2021-09-18T19:20:19 IST" duration-ms="37695">
      <class name="com.crm.Vtiger.LeadsTest.TC_08_createLeadByDiffrentLeadStatusTest">
        <test-method is-config="true" signature="launchBrowser()[pri:0, instance:com.crm.Vtiger.LeadsTest.TC_08_createLeadByDiffrentLeadStatusTest@537f60bf]" started-at="2021-09-18T19:19:42 IST" name="launchBrowser" finished-at="2021-09-18T19:19:50 IST" duration-ms="8810" status="PASS">
          <reporter-output>
          </reporter-output>
        </test-method> <!-- launchBrowser -->
        <test-method is-config="true" signature="loginToApp()[pri:0, instance:com.crm.Vtiger.LeadsTest.TC_08_createLeadByDiffrentLeadStatusTest@537f60bf]" started-at="2021-09-18T19:19:51 IST" name="loginToApp" finished-at="2021-09-18T19:19:55 IST" duration-ms="4660" status="PASS">
          <reporter-output>
          </reporter-output>
        </test-method> <!-- loginToApp -->
        <test-method signature="loginTest()[pri:0, instance:com.crm.Vtiger.LeadsTest.TC_08_createLeadByDiffrentLeadStatusTest@537f60bf]" started-at="2021-09-18T19:19:55 IST" name="loginTest" finished-at="2021-09-18T19:20:17 IST" duration-ms="22277" status="PASS">
          <reporter-output>
          </reporter-output>
        </test-method> <!-- loginTest -->
        <test-method is-config="true" signature="logOutOfApp()[pri:0, instance:com.crm.Vtiger.LeadsTest.TC_08_createLeadByDiffrentLeadStatusTest@537f60bf]" started-at="2021-09-18T19:20:17 IST" name="logOutOfApp" finished-at="2021-09-18T19:20:19 IST" duration-ms="1747" status="PASS">
          <reporter-output>
          </reporter-output>
        </test-method> <!-- logOutOfApp -->
        <test-method is-config="true" signature="closeBrowser()[pri:0, instance:com.crm.Vtiger.LeadsTest.TC_08_createLeadByDiffrentLeadStatusTest@537f60bf]" started-at="2021-09-18T19:20:19 IST" name="closeBrowser" finished-at="2021-09-18T19:20:19 IST" duration-ms="123" status="PASS">
          <reporter-output>
          </reporter-output>
        </test-method> <!-- closeBrowser -->
      </class> <!-- com.crm.Vtiger.LeadsTest.TC_08_createLeadByDiffrentLeadStatusTest -->
    </test> <!-- TestRnnuer_02 -->
    <test started-at="2021-09-18T19:19:42 IST" name="TestRunner_03" finished-at="2021-09-18T19:20:22 IST" duration-ms="40518">
      <class name="com.crm.Vtiger.LeadsTest.TC_09_createLeadByDiffrentRatingTest">
        <test-method is-config="true" signature="connectToDb()[pri:0, instance:com.crm.Vtiger.LeadsTest.TC_09_createLeadByDiffrentRatingTest@4686afc2]" started-at="2021-09-18T19:19:42 IST" name="connectToDb" finished-at="2021-09-18T19:19:42 IST" duration-ms="10" status="PASS">
          <reporter-output>
          </reporter-output>
        </test-method> <!-- connectToDb -->
        <test-method is-config="true" signature="launchBrowser()[pri:0, instance:com.crm.Vtiger.LeadsTest.TC_09_createLeadByDiffrentRatingTest@4686afc2]" started-at="2021-09-18T19:19:42 IST" name="launchBrowser" finished-at="2021-09-18T19:19:53 IST" duration-ms="11572" status="PASS">
          <reporter-output>
          </reporter-output>
        </test-method> <!-- launchBrowser -->
        <test-method is-config="true" signature="loginToApp()[pri:0, instance:com.crm.Vtiger.LeadsTest.TC_09_createLeadByDiffrentRatingTest@4686afc2]" started-at="2021-09-18T19:19:53 IST" name="loginToApp" finished-at="2021-09-18T19:20:03 IST" duration-ms="9944" status="PASS">
          <reporter-output>
          </reporter-output>
        </test-method> <!-- loginToApp -->
        <test-method signature="loginTest()[pri:0, instance:com.crm.Vtiger.LeadsTest.TC_09_createLeadByDiffrentRatingTest@4686afc2]" started-at="2021-09-18T19:20:03 IST" name="loginTest" finished-at="2021-09-18T19:20:21 IST" duration-ms="17691" status="PASS">
          <reporter-output>
          </reporter-output>
        </test-method> <!-- loginTest -->
        <test-method is-config="true" signature="logOutOfApp()[pri:0, instance:com.crm.Vtiger.LeadsTest.TC_09_createLeadByDiffrentRatingTest@4686afc2]" started-at="2021-09-18T19:20:21 IST" name="logOutOfApp" finished-at="2021-09-18T19:20:22 IST" duration-ms="1205" status="PASS">
          <reporter-output>
          </reporter-output>
        </test-method> <!-- logOutOfApp -->
        <test-method is-config="true" signature="closeBrowser()[pri:0, instance:com.crm.Vtiger.LeadsTest.TC_09_createLeadByDiffrentRatingTest@4686afc2]" started-at="2021-09-18T19:20:22 IST" name="closeBrowser" finished-at="2021-09-18T19:20:22 IST" duration-ms="66" status="PASS">
          <reporter-output>
          </reporter-output>
        </test-method> <!-- closeBrowser -->
        <test-method is-config="true" signature="closeTheDB()[pri:0, instance:com.crm.Vtiger.LeadsTest.TC_09_createLeadByDiffrentRatingTest@4686afc2]" started-at="2021-09-18T19:20:37 IST" name="closeTheDB" finished-at="2021-09-18T19:20:37 IST" duration-ms="1" status="PASS">
          <reporter-output>
          </reporter-output>
        </test-method> <!-- closeTheDB -->
      </class> <!-- com.crm.Vtiger.LeadsTest.TC_09_createLeadByDiffrentRatingTest -->
    </test> <!-- TestRunner_03 -->
    <test started-at="2021-09-18T19:19:42 IST" name="TestRunner_01" finished-at="2021-09-18T19:20:37 IST" duration-ms="55465">
      <class name="com.crm.Vtiger.LeadsTest.TC_07_createLeadByDiffrentIndustryTest">
        <test-method is-config="true" signature="launchBrowser()[pri:0, instance:com.crm.Vtiger.LeadsTest.TC_07_createLeadByDiffrentIndustryTest@82de64a]" started-at="2021-09-18T19:19:42 IST" name="launchBrowser" finished-at="2021-09-18T19:19:52 IST" duration-ms="9996" status="PASS">
          <reporter-output>
          </reporter-output>
        </test-method> <!-- launchBrowser -->
        <test-method is-config="true" signature="loginToApp()[pri:0, instance:com.crm.Vtiger.LeadsTest.TC_07_createLeadByDiffrentIndustryTest@82de64a]" started-at="2021-09-18T19:19:52 IST" name="loginToApp" finished-at="2021-09-18T19:20:00 IST" duration-ms="7936" status="PASS">
          <reporter-output>
          </reporter-output>
        </test-method> <!-- loginToApp -->
        <test-method signature="loginTest()[pri:0, instance:com.crm.Vtiger.LeadsTest.TC_07_createLeadByDiffrentIndustryTest@82de64a]" started-at="2021-09-18T19:20:00 IST" name="loginTest" finished-at="2021-09-18T19:20:20 IST" duration-ms="19902" status="FAIL">
          <exception class="java.lang.AssertionError">
            <message>
              <![CDATA[expected [true] but found [false]]]>
            </message>
            <full-stacktrace>
              <![CDATA[java.lang.AssertionError: expected [true] but found [false]
at org.testng.Assert.fail(Assert.java:99)
at org.testng.Assert.failNotEquals(Assert.java:1037)
at org.testng.Assert.assertTrue(Assert.java:45)
at org.testng.Assert.assertTrue(Assert.java:55)
at com.crm.Vtiger.LeadsTest.TC_07_createLeadByDiffrentIndustryTest.loginTest(TC_07_createLeadByDiffrentIndustryTest.java:79)
at java.base/jdk.internal.reflect.NativeMethodAccessorImpl.invoke0(Native Method)
at java.base/jdk.internal.reflect.NativeMethodAccessorImpl.invoke(NativeMethodAccessorImpl.java:78)
at java.base/jdk.internal.reflect.DelegatingMethodAccessorImpl.invoke(DelegatingMethodAccessorImpl.java:43)
at java.base/java.lang.reflect.Method.invoke(Method.java:567)
at org.testng.internal.MethodInvocationHelper.invokeMethod(MethodInvocationHelper.java:133)
at org.testng.internal.TestInvoker.invokeMethod(TestInvoker.java:598)
at org.testng.internal.TestInvoker.invokeTestMethod(TestInvoker.java:173)
at org.testng.internal.MethodRunner.runInSequence(MethodRunner.java:46)
at org.testng.internal.TestInvoker$MethodInvocationAgent.invoke(TestInvoker.java:824)
at org.testng.internal.TestInvoker.invokeTestMethods(TestInvoker.java:146)
at org.testng.internal.TestMethodWorker.invokeTestMethods(TestMethodWorker.java:146)
at org.testng.internal.TestMethodWorker.run(TestMethodWorker.java:128)
at java.base/java.util.ArrayList.forEach(ArrayList.java:1511)
at org.testng.TestRunner.privateRun(TestRunner.java:794)
at org.testng.TestRunner.run(TestRunner.java:596)
at org.testng.SuiteRunner.runTest(SuiteRunner.java:377)
at org.testng.SuiteRunner.access$000(SuiteRunner.java:28)
at org.testng.SuiteRunner$SuiteWorker.run(SuiteRunner.java:418)
at org.testng.internal.thread.ThreadUtil.lambda$execute$0(ThreadUtil.java:64)
at java.base/java.util.concurrent.FutureTask.run(FutureTask.java:264)
at java.base/java.util.concurrent.ThreadPoolExecutor.runWorker(ThreadPoolExecutor.java:1130)
at java.base/java.util.concurrent.ThreadPoolExecutor$Worker.run(ThreadPoolExecutor.java:630)
at java.base/java.lang.Thread.run(Thread.java:831)
]]>
            </full-stacktrace>
          </exception> <!-- java.lang.AssertionError -->
          <reporter-output>
          </reporter-output>
        </test-method> <!-- loginTest -->
        <test-method is-config="true" signature="logOutOfApp()[pri:0, instance:com.crm.Vtiger.LeadsTest.TC_07_createLeadByDiffrentIndustryTest@82de64a]" started-at="2021-09-18T19:20:20 IST" name="logOutOfApp" finished-at="2021-09-18T19:20:37 IST" duration-ms="17322" status="PASS">
          <reporter-output>
          </reporter-output>
        </test-method> <!-- logOutOfApp -->
        <test-method is-config="true" signature="closeBrowser()[pri:0, instance:com.crm.Vtiger.LeadsTest.TC_07_createLeadByDiffrentIndustryTest@82de64a]" started-at="2021-09-18T19:20:37 IST" name="closeBrowser" finished-at="2021-09-18T19:20:37 IST" duration-ms="262" status="FAIL">
          <exception class="org.openqa.selenium.WebDriverException">
            <message>
              <![CDATA[chrome not reachable
  (Session info: chrome=93.0.4577.82)
Build info: version: '3.141.59', revision: 'e82be7d358', time: '2018-11-14T08:17:03'
System info: host: 'SOURAV-PC', ip: '192.168.1.10', os.name: 'Windows 7', os.arch: 'amd64', os.version: '6.1', java.version: '16.0.1'
Driver info: org.openqa.selenium.chrome.ChromeDriver
Capabilities {acceptInsecureCerts: false, browserName: chrome, browserVersion: 93.0.4577.82, chrome: {chromedriverVersion: 93.0.4577.63 (ff5c0da2ec0ad..., userDataDir: C:\Users\SOURAV\AppData\Loc...}, goog:chromeOptions: {debuggerAddress: localhost:55744}, javascriptEnabled: true, networkConnectionEnabled: false, pageLoadStrategy: normal, platform: WINDOWS, platformName: WINDOWS, proxy: Proxy(), setWindowRect: true, strictFileInteractability: false, timeouts: {implicit: 0, pageLoad: 300000, script: 30000}, unhandledPromptBehavior: dismiss and notify, webauthn:extension:credBlob: true, webauthn:extension:largeBlob: true, webauthn:virtualAuthenticators: true}
Session ID: 0301dca27da605034d69ed1f9b633a07]]>
            </message>
            <full-stacktrace>
              <![CDATA[org.openqa.selenium.WebDriverException: chrome not reachable
  (Session info: chrome=93.0.4577.82)
Build info: version: '3.141.59', revision: 'e82be7d358', time: '2018-11-14T08:17:03'
System info: host: 'SOURAV-PC', ip: '192.168.1.10', os.name: 'Windows 7', os.arch: 'amd64', os.version: '6.1', java.version: '16.0.1'
Driver info: org.openqa.selenium.chrome.ChromeDriver
Capabilities {acceptInsecureCerts: false, browserName: chrome, browserVersion: 93.0.4577.82, chrome: {chromedriverVersion: 93.0.4577.63 (ff5c0da2ec0ad..., userDataDir: C:\Users\SOURAV\AppData\Loc...}, goog:chromeOptions: {debuggerAddress: localhost:55744}, javascriptEnabled: true, networkConnectionEnabled: false, pageLoadStrategy: normal, platform: WINDOWS, platformName: WINDOWS, proxy: Proxy(), setWindowRect: true, strictFileInteractability: false, timeouts: {implicit: 0, pageLoad: 300000, script: 30000}, unhandledPromptBehavior: dismiss and notify, webauthn:extension:credBlob: true, webauthn:extension:largeBlob: true, webauthn:virtualAuthenticators: true}
Session ID: 0301dca27da605034d69ed1f9b633a07
at java.base/jdk.internal.reflect.NativeConstructorAccessorImpl.newInstance0(Native Method)
at java.base/jdk.internal.reflect.NativeConstructorAccessorImpl.newInstance(NativeConstructorAccessorImpl.java:78)
at java.base/jdk.internal.reflect.DelegatingConstructorAccessorImpl.newInstance(DelegatingConstructorAccessorImpl.java:45)
at java.base/java.lang.reflect.Constructor.newInstanceWithCaller(Constructor.java:499)
at java.base/java.lang.reflect.Constructor.newInstance(Constructor.java:480)
at org.openqa.selenium.remote.http.W3CHttpResponseCodec.createException(W3CHttpResponseCodec.java:187)
at org.openqa.selenium.remote.http.W3CHttpResponseCodec.decode(W3CHttpResponseCodec.java:122)
at org.openqa.selenium.remote.http.W3CHttpResponseCodec.decode(W3CHttpResponseCodec.java:49)
at org.openqa.selenium.remote.HttpCommandExecutor.execute(HttpCommandExecutor.java:158)
at org.openqa.selenium.remote.service.DriverCommandExecutor.execute(DriverCommandExecutor.java:83)
at org.openqa.selenium.remote.RemoteWebDriver.execute(RemoteWebDriver.java:552)
at org.openqa.selenium.remote.RemoteWebDriver.execute(RemoteWebDriver.java:609)
at org.openqa.selenium.remote.RemoteWebDriver.close(RemoteWebDriver.java:442)
at com.crm.Vtiger.GenericUtility.BaseClass.closeBrowser(BaseClass.java:77)
at java.base/jdk.internal.reflect.NativeMethodAccessorImpl.invoke0(Native Method)
at java.base/jdk.internal.reflect.NativeMethodAccessorImpl.invoke(NativeMethodAccessorImpl.java:78)
at java.base/jdk.internal.reflect.DelegatingMethodAccessorImpl.invoke(DelegatingMethodAccessorImpl.java:43)
at java.base/java.lang.reflect.Method.invoke(Method.java:567)
at org.testng.internal.MethodInvocationHelper.invokeMethod(MethodInvocationHelper.java:133)
at org.testng.internal.MethodInvocationHelper.invokeMethodConsideringTimeout(MethodInvocationHelper.java:62)
at org.testng.internal.ConfigInvoker.invokeConfigurationMethod(ConfigInvoker.java:385)
at org.testng.internal.ConfigInvoker.invokeConfigurations(ConfigInvoker.java:321)
at org.testng.internal.TestMethodWorker.invokeAfterClassMethods(TestMethodWorker.java:217)
at org.testng.internal.TestMethodWorker.run(TestMethodWorker.java:130)
at java.base/java.util.ArrayList.forEach(ArrayList.java:1511)
at org.testng.TestRunner.privateRun(TestRunner.java:794)
at org.testng.TestRunner.run(TestRunner.java:596)
at org.testng.SuiteRunner.runTest(SuiteRunner.java:377)
at org.testng.SuiteRunner.access$000(SuiteRunner.java:28)
at org.testng.SuiteRunner$SuiteWorker.run(SuiteRunner.java:418)
at org.testng.internal.thread.ThreadUtil.lambda$execute$0(ThreadUtil.java:64)
at java.base/java.util.concurrent.FutureTask.run(FutureTask.java:264)
at java.base/java.util.concurrent.ThreadPoolExecutor.runWorker(ThreadPoolExecutor.java:1130)
at java.base/java.util.concurrent.ThreadPoolExecutor$Worker.run(ThreadPoolExecutor.java:630)
at java.base/java.lang.Thread.run(Thread.java:831)
]]>
            </full-stacktrace>
          </exception> <!-- org.openqa.selenium.WebDriverException -->
          <reporter-output>
          </reporter-output>
        </test-method> <!-- closeBrowser -->
      </class> <!-- com.crm.Vtiger.LeadsTest.TC_07_createLeadByDiffrentIndustryTest -->
    </test> <!-- TestRunner_01 -->
  </suite> <!-- Suite -->
</testng-results>
